
SQL*Loader: Release 11.2.0.1.0 - Production on Fri Jun 25 15:30:06 2010

Copyright (c) 1982, 2009, Oracle and/or its affiliates.  All rights reserved.

Control File:   feb_orderlines.ctl
Data File:      ../../../data_files/orders/feb_orderlines.csv
  Bad File:     feb_orderlines.bad
  Discard File:  none specified
 
 (Allow all discards)

Number to load: ALL
Number to skip: 0
Errors allowed: 50
Continuation:    none specified
Path used:      Direct

Load is UNRECOVERABLE; invalidation redo is produced.

Table DS2.ORDERLINES, partition FEB2009, loaded from every logical record.
Insert option in effect for this partition: APPEND
TRAILING NULLCOLS option in effect

   Column Name                  Position   Len  Term Encl Datatype
------------------------------ ---------- ----- ---- ---- ---------------------
ORDERLINEID                         FIRST     *   ,  O(") CHARACTER            
ORDERID                              NEXT     *   ,  O(") CHARACTER            
PROD_ID                              NEXT     *   ,  O(") CHARACTER            
QUANTITY                             NEXT     *   ,  O(") CHARACTER            
ORDERDATE                            NEXT     *   ,  O(") DATE yyyy/mm/dd      

Record 1: Rejected - Error on table DS2.ORDERLINES, partition FEB2009.
ORA-14401: inserted partition key is outside specified partition


Table DS2.ORDERLINES, partition FEB2009:
  5026 Rows successfully loaded.
  1 Row not loaded due to data errors.
  0 Rows not loaded because all WHEN clauses were failed.
  0 Rows not loaded because all fields were null.

  Date cache:
   Max Size:      1000
   Entries :        29
   Hits    :      4998
   Misses  :         0

Bind array size not used in direct path.
Column array  rows :    5000
Stream buffer bytes:  256000
Read   buffer bytes: 1048576

Total logical records skipped:          0
Total logical records read:          5027
Total logical records rejected:         1
Total logical records discarded:        0
Total stream buffers loaded by SQL*Loader main thread:        3
Total stream buffers loaded by SQL*Loader load thread:        0

Run began on Fri Jun 25 15:30:06 2010
Run ended on Fri Jun 25 15:30:09 2010

Elapsed time was:     00:00:03.03
CPU time was:         00:00:02.15
